A
B
D
E
G
L
N
O
Z

A
B
C
D
F
I
N
O
P
Q
W
Y

A
B F M P Q R V Y
C
D
E
G
H J N T
I
L
O
U
W
X
Z

A
B
C
D
E L O R W
F
G
H
I
J
K
M
N
P
Q
T
U
V
X
Y
Z

A
B
D F J
E
G
I
K
L
M
N
O
P
Q
R
S
T
V
W
X
Y
Z

A
B
C
D
E
F
G
H L N
I
J
K
M
O
P
Q
R
S
T
U
V
W
X
Y
Z

A
B
C
E
F
G
H
I
J
K
L
M
N
O
P
R
S
T
U
V
W
X
Y
Z

A
B
C
D
E
F O Y
G
H
J
K
L
M
P
Q
T
U
W
X
Z

A B C F G J N P Q R S X Z
D
E
H
I
K
L
M
O
T
U
V
W
Y

A
B C D E F H I K M N O P Q R S Y Z
G
J
L
T
V
X

F
G
L
P
W

A E F I J M N O P S T U V W Y
B
C
D
G
H
K
L
Q
R
X
Z

A
B
C D H I K O U
E
F
G
J
L
M
N
P
Q
R
S
T
V
W
X
Y
Z

A
C
D
E F G H J L N Q R S U V X
I
K
M
O
P
W
Y
Z

A
C D F G H K L M P Q R S T V W X Y
E
I
J
N
O
U
Z

A
C
D
E
F
G
J
K
M
N
O
P
R
T
U
V
W
Y

A B C G I J N Q U V X Z
D
E
H
K
L
M
O
P
R
S
T
W
Y

A
D
E
G
H
I
L
S
V
W
X
Y

A
B C D F G H J K N S U V X
E
I
L
M
O
P
Q
R
T
W
Z

A
B
C
D
E
F H J N S
G
I
K
L
M
O
Q
R
T
U
V
W
Y
Z

A
B I S
D
E
F
G O T Z
H
J
K
L
N
P
Q
R
U
V
W
X
Y

A
B C F G H I K O P R U V Y Z
D
E
L
M
N
Q
T
X

A
B
C
D
E K U V
H
I
J
M
N
O
Q
R X
S
T
W
Y
Z

A
C
E
F
G
H
I
J
L
M
N
O
P
Q
S
T
U
V
W
X
Z

A C K L O Q S T U Y
B
D
E
F
G
I
J
M
N
P
R
V
W
X
Z

B
C
E
F
G
H
J
K
L
M
O
Q
T
U
V
W
X
Z

A
C
D
H
I
J
K
L
M
N
O
Q
R
T
U
V
X
Y
Z

A
B C D G J K L N P Q S U W X Y Z
E
F
H
I
M
O
R
T
V

A B C I J K L M O Q V Z
D
E
F
G
H
N
P
R
S
T
U
X
Y

A B C E F H N P Q T U W X Z
D
G
I
J
K
L
M
O
R
S
V
Y

A
B
C
D I J K L M N O Q R S U V W X Y
E
F
G
H
P
T
Z

A
B
C
E
F
G
H
I
J
K
L
N
O
P
Q
R
S
T
U
X
Y
Z

A
D
F
G
H
I
J
V
W
X
Y
Z

A
B C E H I K L M T V W X Y
D
F
G
J
N
O
P
Q
R
S
U
Z

A B C E F G I K O S U
D
H
J
L
M
N
P
Q
R
T
V
W
X
Y
Z

A
B
C
E
F
H
I
J
K
L
N
O
P
Q
R
S
T
U
V
W
X
Y
Z

C
O
R
U
Z

A K M N O S U V W
B
C
D
E
F
G
I
J
L
P
Q
R
T
X
Y
Z

A
B E M P Q R T V W Z
C
D
F
H
I
J
K
L
N
O
S
U
X
Y

E
H
L
R
S

A
B D E F G H I J L M N Q R T V W X
C
K
O
P
S
U
Y
Z

A
B D E I J N Q S U X
C
F
G
H
K
L
M
O
P
T
V
W
Z

A B E H K R V Z
D
F
G
I
J
L
M
N
O
Q
S
T
W
X
Y

B
E
F
G
H M
K
L
N
O
P
Q
S
T
U
W
Z

A
B
C
E F G I J L M O S V W
N
P
Q
R
T
U
X
Y
Z

A B G I J L M N O P Q W X Y
D
E
F
H
T
U
V
Z

A C H I K L S T U W Y Z
B
D
E
F
G
J
M
N
O
P
Q
R
V
X

B
H
I
J
L
M
N
P
R Z
Y

A
B
D
E
F
G
H
I
J
K
L
M
P
Q
R
S
T
W
X
Y

A B D E F G I J K L P R S T Z
C
H
M
N
O
Q
U
V
W
X
Y

A B C H I K L P R S T
D
E
F
G
J
M
N
O
Q
U
W
X
Y
Z

A
B D H I K L O S X
C
E
G
J
M
N
P V
Q
R
T
U
W
Y
Z

A B C D E H I L N O P R T U Y Z
F
G
J
K
M
Q
S
W
X

A C H J L P Q R S T U Y Z
B
D
E
F
I
K
M
N
O
V
W
X

A
B M R V
C D J O S T W
E
F
G
H
I
K
L
N
Q
U
Y
Z

A
B
C
E
G
H
I
J
K
N
O
P
Q
S
T
V
W
Y
Z

A C D E I J K O Q S T U W X Y Z
B
F
G
H
L
M
N
P
R
V

A
B J L T W
C
D
E
F
G
H
I
K
O
P
Q
R
S
U
V
X
Y
Z

A
B
C
D
E F J L Y
G
H
I
K
N
O
P
R
V
W
X
Z

A B C E F K M N O P R S T V X
D
G
H
I
J
L
Q
U
W
Y
Z

A
B
D T
E
G
H
I
J
L
N
O
P
Q
R
S
U
X
Y
Z

A
B
C
D K Q T U V
E F H P
G
I
J
L
N
O
R
S
W
X
Y
Z

A F K M P R T U X Z
B
C
D
G
H
I
J
L
O
Q
S
V
W
Y

A
B
C
D
E G H J M O Q U V Y
F
I
K
L
N
P
R
W
X
Z

A
B
C D H K M P U W
E
F
G
I
J
N
O
Q
R
S
T
V
X
Y
Z

A
B
D
F
G
H
I
J
M
N
O
P Y
R
U
W
X
Z

A C D E H K M O Q T U V W X Z
B
F
G
I
J
L
N
P
R
S
Y

A
B C E H I L M O P S X Z
D
G
J
K
N
Q
R
T
U
V
W
Y

B
C
F
G
I
J
L
M
Q
R
T
V

A
C
D
E
F
G
H
I
L
M
N
P
R
S
T
U
V
X
Y
Z

A B C D H J K M N O Q R S V W X Y
E
F
G
I
L
P
T
U
Z

A B C E H J L N O P Q R S T U W X Y Z
D
F
G
I
K
M
V

A
B
C
D
E
F
G
H I L Q R U V Y
J
K
M
N
O
P
S
T
W
X
Z

C
D J R U W
I
M
N
O
Q
S
V
X
Y

A H
B
C
D
G
K Q R
N
O
P
S
T
U
W
Y
Z

A
B
C
E
F
H Q R S V
I
L
N
O
P
T
X
Y
Z

A
B
C I L N R T W X Y Z
D
E
F
G
H
J
K
M
O
P
Q
S
U
V

A
B
C D F G I L M N P S U X Y
E
H
J
K
O
Q
R
T
V
W
Z

D
K
L
M
S

A B C D G H L M N O P R S V Y
E
F
I
J
K
Q
T
U
W
X
Z

A
B U X
C
D
E
F
G
H
I
J
K
L
M
O
P
Q
R
S
T
V
W
Y

A
B S U Y
C
D G
E
F
H
I W Z
J
K
L
M
N
O
P
Q
T
V
X

A
B C E F M N O Q R S V W Y
D
G
H
I
K
L
P
T
U
X
Z

A
B C D E G H I K L M N Q R S U W Y
F
J
O
P
T
V
X
Z

A B K M N P Z
C
D
E
F
G
H
I
L
O
R
S
T
U
V
W
X
Y

A
B C D E F G L M N O P Q S T U W X Z
H
I
J
K
R
V
Y

A C G H J K L M Q U W
B
D
E
F
I
N
O
P
R
S
T
V
X
Y
Z

B C D G H I J L M O P Q S T U V Y
E
F
K
N
R
W
X
Z

A
B
C
D
E
F
G
H
I
J
K
L
M
N
O
P
Q
R
S
T
V
W
X
Y
Z

A
B
D
E F H I J K L M N O P R T
G
Q
S
U
V
W
X
Y
Z

A
D
F
H
I
J
K
L
M
N
O
P
S
T
U
V
W
X
Z

A B C D I K L N O P Q R T U V Z
E
F
G
H
J
M
S
W
X
Y

A C D H I J P R S T U Y
B
E
F
G
K
L
M
N
O
Q
V
W
X
Z

A
B D E F G H I J K Q R S T V W X Z
C
L
M
N
O
P
U
Y

A C D E F J M N R
B
G
H
I
K
L
O
Q
S
T
U
V
X
Y
Z

A
B
C
D
E H K L N O R S T W Y Z
F
G
I
J
M
P
Q
U
V
X

B
D
E
F
H
I
J
K
L
M
N
O
P
Q Z
S
T
V
X
Y

C
D
E
G
H
I
J
K
L
M
N
O
P
Q
R
S
T
V
W
X

A
B
C
D
E
F
H
J
K
L
M
O
P
T
U
V X
W
Y

A
B M N O Q S U V Y
C
D
E
F
G
H
I
J
K
L
R
T
W
X
Z

A
B
C
D F G H I K L M O P R S U V X Y Z
E
J
N
T
W

A G H J P U
E
F
I
K
L
M
N
O
Q
R
S
T
V
W
X
Y
Z

A
B
C
D E H I K O Q U V W X Y Z
F
G
J
L
M
N
P
R
S
T

A B E I O Q R S V X
C
D
F
G
H
J
K
L
M
N
P
T
U
W
Y
Z

A
B
C
D
E
F
G
H
I
J
K
L
M
N
O
P
Q
R
S
T
V
W
X
Y
Z

A C Q
B
D
E I M P
F
G
H
J
L
N
O
R
S
T
U
V
W
X
Y
Z

A B J K L N P Q T U W
C
D
E
F
G
H
I
M
O
R
S
V
X
Y
Z

B
C
D
E
F
G
H
I
J
K
L
M
N
O S W
P
Q
R
T
V
X
Y
Z

A
B
C
D E F G H K N R T U V W X Y
I
J
L
M
O
P
Q
S
Z

A
B
E
F
G
J
L
M
N
P
R
T
X
Z

A
B Q R V X Y
C
E
F
G
H
I
J
K
L U
M
N
O
S
T
W
Z

A B C F G H K M N P R S U
D
E
I
J
L
O
Q
T
V
W
X
Y
Z

A
B
C
D E F I J K N Q S T V X Y
H
L
M
O
P
R
U
W
Z

A C E I J L M N Q R T V W
B
D
F
H
K
O
P
S
U
X
Y
Z

A
B C D E F G H I J N O P R S T U W X Y Z
K
L
M
Q
V

A B D E M O Q S T Y
C
F
G
H
I
J
K
L
N
P
R
U
V
W
X
Z

C
D
G
I
J
M
O
Q
S
Z

B
C
D E G H M N O R W Z
F
I
J
K
L
P
S
T
U
V
X
Y

A
B
C
E
F
G
H
I
K
L
M
N
O
P
R
S
T
W
X
Y
Z

B
C
D E G H I L O X Y Z
F
J
K
M
N
P
R
V
W

A
B C E F G J K M P Q R S W X Y Z
D
H
I
L
N
O
T
U
V

A
B E F K U W Y
C
D
G
H
I
J
L
M
N
O
P
Q
R
S
T
V
X

A
B T U
C
D
E
F
G
H
I
J O V
K
L
M
N
P
Q
W
X
Y
Z

A
B
C
D
E
F
G
H L N U X
I
J
K
M
O
P
Q
R
S
T
V
W
Y

A
B O
C
D
E
F
H
I
J
K
L
M
N
P
Q
R
S
T
U
V
W
X
Y
Z

A B J K L T W
C
E
F
G
H
I
N
O
P
Q
R
S
U
V
X
Y
Z

A
B
C R
D
E
F
G
H
I
J
K
L
M
N
O
P
Q
S
T
U
V
W
X
Y
Z

A E F G J K O P S U
B
C
D
H
I
L
M
N
Q
R
T
V
W
X
Y
Z

A B C D F J M N O R S U V W X Z
E
G
K
L
P
Q
T
Y

A
B
C
D
E
H
I
J
K
M N
O
P
Q
R
S
U
V
W
X
Y

A
B E H L P S U W X Y
C
D
F
G
I
J
K
M
N
O
R
T
V

A
B E G H K L M N P R S T V W
C
D
F
I
J
O
Q
U
X
Y
Z

A G H J K M Q R S U V W X Y
B
C
D
E
F
I
L
N
O
P
T
Z

C
D
E
G
H
I
J
K
L
O
P
S
T
U
V
W
Y

A
B
C D H O R X
F
G
I
J
K
L
M
N
P
S
T
U
V
W
Y
Z

A H J M N R S U W Y
B
D
E
F
G
I
L
O
P
T
V
X
Z

A
B C D G J L M N O P Q R S U W
E
F
H
I
K
T
V
X
Y
Z

A C F I L N S T X
B
D
E
G
H
J
M
O
P
Q
R
U
W
Y
Z

A E H J L P Q R S V X Y
B
C
D
F
G
I
K
M
N
O
T
U
W

A
B
C D H O X
E
F
G
I
J
K
L
M
N
P
Q
R
S
T
U
V
Y
Z

A
B Z
D
L
N
U
V

A G H I O R S V
B
C
D
E
F
J
K
L
M
N
P
Q
U
W
X
Y
Z

A
C
D
E
F
G
H
K
L
N
O
P
Q
R
S
T
U
V
W
X
Y

A B C D E F H J L O P Q T Y
G
I
K
M
N
R
S
U
V
W
X
Z

A
B
C
D J K M N P Q T U V Z
E
F
G
H
I
L
O
R
S
W
X
Y

A
B E F H M O R X Y
C
D
G
I
J
K
L
N
Q
S
U
V
W
Z

A
B
C D E F J K N O P Q R S T V Z
G
H
I
L
U
W
X
Y

A
C
E F G I R X
H
J
K
L
M
N
P
Q
S
T
U
V
W
Y
Z

A
B
C I M O T
D
E
F W
G
H
J
K
L
N
P
Q
R
S
U
V
X
Y
Z

A
B
C G H J M P Q R X
D
E
F
I
L
O
S
T
U
V
W
Y

A C D F H I J M O P Q R U V W X Y Z
B
E
G
K
L
N
S
T

A
C
D
E
F
H
I
K
M X Y
S
T
U
W

A
B
C D E F J K P Q
G
H
I
L
M
N
O
R
S
T
U
V
W
X
Y
Z

A
B C D E G H K N O P Q R S U W Z
F
I
J
L
M
T
V
X
Y

A
B G K L O T V X Y
D
E
F
H
I
J
M
N
Q
R
S
U
W
Z

B
F
G
K
Z

A
B
C G H K L M O R S T U V W X
D
E
F
I
J
N
P
Q
Y
Z

A
C
D
F
G
H
I
K
N
O
P
R
S
T
U
V
W
X
Y
Z

A
C
D
F
G
H
I
J
K
L
M
N
O
R
S
T
U
V
W
X
Z

A B C E F H J K L R S U V X Y Z
D
G
I
M
N
O
P
Q
T
W

A
B L Q W Z
D
E
G
H
I
J
K
M
N
R
T
U
V
X
Y

A
B
C
D
E
F O
G
H
I
J
L
M
P
Q
R
T
U
V
X
Y
Z

C
E
G
I
J
K
L
M
N
O
P
Q
S
U
V
Y
Z

A B D E
C
F
G
H
I
J
K
L
M
O
P
Q
R
S
T
V
X
Y
Z

A
B
D
F Y
G
K
L
M
O
P
R
S
T
U
V
W
X
Z

A
B
C
D E H M N O R U
F
G
I
J
K
L
P
Q
S
T
V
W
X
Y
Z

A
B
C D F G J O P S V W X Y Z
E
H
I
K
L
M
N
Q
R
T
U

A
B
D
E
G
H
I
J
K
L
M
N
O Y
P
Q
R
S
U
V
W
X

A E G H I L M O T W Z
B
C
D
F
J
K
N
P
Q
R
S
U
V
X
Y

A
B C D E G J M N O P Q U V W Y
F
H
I
K
L
S
T
X
Z

A
B
D
E
F
G N Q W
H
I
K
M
O
P
R
S
T
U
V
X
Y

C
D
E
F
G
H
I
L
M
N
P
Q
R
S
T
V
X

A
B C D E G H I L M N O P R S T V Z
F
J
K
Q
U
X
Y

A
B
C U Y
D
E F K
G
H
I
J
L
M
N
P
Q
R
S
T
V
W
X
Z

A
B R
C
D
F
G
H
J
K T U
L
M
N
O
P
Q
S
V
W
X
Y
Z

A
B I
C
D
E
G X
H
J
L
M
N
O
P
R
U
V
W
Y
Z

A
B
C
D M Y
E
F
G
H
I
J
K
L
N
O
P
R
S V X Z
U
W

B
K
L
O
S

A B E F J L M O R T U V W X Y Z
C
D
G
H
I
K
P
Q
S

A B C E H J K L Q R U V W X Z
D
F
G
I
M
N
O
P
S
T
Y

A B D H S T Z
C
E
F
G
I
J
K
L
M
N
O
Q
R
V
W
X
Y

A
B
C
E
F
H
I
K
L
M
N
O
P
Q
R
S
T
V
X
Y

D
E
F
G
H
I
K
L
M
N
O
P
Q
R
S
T
V
X
Y
Z

A
B D E J L M N O P Q T U V Z
F
G
H
I
K
R
S
W
X
Y

A C H K N P R S T U V W Y
B
D
E
F
G
I
J
L
M
O
Q
Z

A C E G I M P Q U Y Z
B
D
F
J
K
L
N
O
R
S
T
W
X

A B D E G I J K M N Q T W Y
C
F
L
O
P
R
S
U
V
X
Z

A R
C
F
H
J
N
Q
U
V
W
Y
Z

A
B
C
D
E
G
H
I
J
M T
N
O
Q
R
S
U
V
X
Y
Z

A
B C D F G H I K L M P Q S U V W Y Z
E
J
N
O
R
T
X

A
B
D
H
I
J
K
Q
R
S
U
V
W
X
Y
Z

A
B
C
D
E
F
G L
H
I
J
K
N
P
T
U
V
X
Y

A
B M
C
D
E
G
H
I
J
L
N
O
P
Q
R
S
T
U
V
W
X
Y
Z

A E V Z
B
C
F
G
H
J
K
M
N
O
P
Q
R
S
U
W
X

B
C
R
T
U

A
B C E F G K M N O R S U W Y
D
H
I
J
L
P
Q
T
V
X
Z

A
B
C
D
E
F G H I J K N P V Y
L
M
O
R
S
T
U
W
X
Z

A C D J L M N O P Q V X Y
B
E
F
G
H
K
R
S
T
U
W
Z

A
B
C D H J K L M P Q R T U V W X Y Z
E
F
G
I
N
O
S

A
B C D H I K L M P Q T U W Y
E
F
G
J
N
O
R
S
V
X
Z

A C D F G J K R S U V X Y Z
B
E
H
I
L
M
N
O
P
Q
T
W

A
B C F G H I K L M N O Q T W Z
D
E
J
P
R
S
U
V
X
Y

A
B
C
D
E
F
G
H
I
J
K
R
S
T
V
X
Y

A B C D F H I J K Q T U Y Z
E
G N
L
M
O
P
R
S
V
W
X

D P R T V
E
G
H
J
K
L
M
O
Q
S
U
W
X
Y

A
B
C L N
D
E
G
H
I
J
M
O
P
Q
R
S
U
V
W
X
Y
Z

A
C
D I N P V X Z
E
G
H
J
L
M
O
Q T Y
R
S
U
W

A
B C J N R T W
D
F
G
H
I P
K
L
M
O
Q
S
U
V
X
Y
Z

A
B E F Y Z
C
D
G
H
J
L
M
N
O
P
Q
R
S
T
U
V
W
X

A
B C F G P R T
D
E
H
I
J
K
L
M
O
Q
S
U
V
W
Y
Z

A
B
C
D
E
F
H
I
K
L
N
O
P
R
S
T
V
W
X
Y
Z

A
B
C
E
G
I
K
L
M
N
O
P
T
U
V
W
X
Y
Z

A B C E G I J L M Q T U V Y
D
F
H
K
N
O
P
R
S
W
X
Z

A
J
K
N
Q

A B G H I K L N O P Q W Y Z
C
D
E
F
J
M
R
S
T
V
X

A
B
C E H M N O Q U X Z
D
F
G
I
J
K
L
P
R
S
T
V
W
Y

A
B E F G H J L M O R W
C
D
I
K
P
Q
S
T
U
V
X
Y
Z

D
F
K
L
M
Q
R
S
V
W
Y
Z

A
B
C D F G H I L M Q T U W X Y Z
E
J
K
N
O
P
R
S
V

A
C
F
I
J
N
Q
T
U
Y

A
B
C
D F G I J L O S T W Z
E
H
K
M
N
P
Q
R
U
V
X
Y

C
E
I
K
L
O
P
Q
R
S
U

A B D H L N O Q R S U X Z
C
E
F
G
I
J
K
M
P
T
V
W
Y

A
C
D
E
F
H
I
K
L
M
N
Q
R
S
T
U
V
W
X
Y
Z

B
C E F G H I K M N O P R S T U W X
D
J
L
Q
V
Y
Z

A
B O Z
C
E
G
H
I
J
L
M
N
P
Q
S
U
V
W
X

A
B
C
D F X
E
G
H
J
K
L
M
N
O
P
R
S
U
V
W
Y
Z

A
B
C
D O P Y
H
J
M
N
S
U
V
W
X
Z

A
B
C
D
E
G
H
J
K
P
U
V
W
X
Y

A
B
C
D
E
G
H
J
K
N
O
P
Q
R
S
U
X
Y

A
B
C
D
E M
G
J
K
L
Q
S
V
W
X
Y

A
B
C
D
E Z
F
G
H
I
J
K
L
M
N
O
P
Q
R
S
T
U
V
W
X
Y

E
I
K
V
W

A
B
C D E G H I K M N O R S T U W X Y Z
F
J
L
P
Q
V

A
D
E N Y
F
G
H
I
M
O
S
W
X
Z

C
E N
F
G
H
I
J
K
M
O
P
S
U
V
W
X
Y

A
B
C
D R V
H
I
J
K
M
P
Q
S
T
U
W
X
Y
Z

A B D F I J M N O P Q T W X
C
E
G
H
K
L
R
S
U
V
Y
Z

C
E
G
J
K
R
T
U
Z

A
B
C D E H I J L P Q R S T U V W X Y Z
F
G
K
M
N
O

A
C M R X Y
E
G
H
I
L
N
O
P
Q
S
T
U
V
W
Z

A
B
C G H J K M N S T U W X
D
E
F
I
L
O
P
Q
R
Y
Z

A
B
C D G I N P R
E
F
H
J
K
L
M
O
Q
S
T
U
V
W
X
Z

A
B
C
D
F
H
I
J
K
M
N
O
Q
S
U
V
W
X
Y
Z

A B D F G O S V W X
C
E
H
J
K
M
P
R
T
U
Y
Z

A
E
G
K
L
O
S
U
Z

A
B C P
D
E
F L
G
I
J
K
M
N
O
Q
R
S
U
V
W
X
Y
Z

A
C D E I M P Q R T U Y Z
F
G
H
J
K
L
N
O
S
V
W
X

A
B
C D E G H I J L N P Q T V W Y
F
K
M
O
R
S
U
X
Z

A
B E F H I N P R S V W X Y
C
G
J
K
L
M
O
Q
T
U
Z

A B D E F I K L O R W Y Z
C
G
H
J
M
N
S
T
U
V

A C F H K L M P Q S W Z
B
D
E
G
I
J
N
O
R
T
V
X
Y

A
E
G
I
N
Q
T
X
Z

B
C
E
F
G
J
L
M
N
O
P
Q
R
S
T
U
V
Y
Z

A C E F G H Q U W Y Z
B
D
I
J
K
L
M
N
O
P
R
S
T
V
X

A
B K Q
C
D
E
F
H
I
J
L U X
M
N
P
R
S
T
V
W
Y
Z

A C D E F G I J M N P Q R U Y Z
B
H
K
L
O
S
T
V
W
X

A
B
C
E
F
G
I
J
K
L
M
N
O
P
Q
R
S
T
U
V
W
X
Y
Z

A I U W
B
D
E
F
G L N
H
J
K
R
S
T
V
X
Y
Z

A
B D F H I J K L O R S T U V Z
C
E
G
M
N
P
Q
W
X
Y

A
B
C
E F K M R W Y
G
H
I
J
L
N
O
P
Q
T
U
V
X
Z

A V W
B
C
D
E
F
G
H
J
K
L
M
N
O
P R
Q
T
U
X
Y
Z

F
G
H
J
K
L
M
N
O
P
Q
R
S
T
V
X
Z

A
B F H J M R T V Z
C
D
E
G
I
K
L
N
O
P
Q
S
U
W
X
Y

B C D G J L M O Q T U V X Z
E
F
H
K
N
P
R
S
W
Y

A
B
C D H J M N O S Z
E
F
G
K
P
Q
R
T
U
V
W
X
Y

A D I J K M O Q R S Y
B
C
E
F
G
N
P
T
U
V
W
X
Z

A D I L M N P Q T W Y Z
B
C
E
F
G
H
K
O
R
S
U
V

A
B C E G I M Q R T U Y
D
F
J
K
L
N
O
P
S
V
W
X
Z

A L T Y
B
D
E
F
G
H
I
J
K
N
P
Q
R
S
U
V
W

A D E H I L P Q S T U Z
B
C
F
G
J
K
N
O
R
V
W
X
Y

B I N T W Y
D M
E
F
G
H
K
L
O
P
Q
R
U
V
X
Z

C
D
E
F
H
I
J
K
L
N
O
Q
R
S
T
U
V
W
X
Z

A B E F G H I J L M N O Q R S U Y
C
D
K
P
T
V
W
X
Z

A B C F G I O P Q U V X Z
D
E
H
J
K
L
M
N
R
S
T
W
Y

A
B
C
D
E
F N T Z
G
H
I
J
K
L
O
P
R
S
V
X
Y

A
B
C
D
E P
F
G
H
I
J
K
L
M
N
O
Q
R
S
T
U
V
W
X
Y
Z

A
C
E
F
G
H
I
J
L
N
O
P
R
T
U
V
W
Y
Z

A
B
C
D
E
F
H
I N U X
J
K
L
O
P
R
S
V
W
Z

A
B E H J K M N P R S T U V Z
D
F
G
I
L
O
Q
W
X
Y

K
Q
S
T
W

A
B
C
D E G I J K L M N O Q V W X Y Z
F
H
P
R
S
T
U

A
B
C
D
E
G
H
K
L
N
O
P
Q
S
U
V
W
Y
Z

A B C F G H J L N O S T W Z
D
E
I
K
M
P
Q
R
U
V
X
Y

A
B
C
D F G H I J K M O P W Y Z
L
N
Q
R
S
T
U
V
X

A
B
C
E
F
G
J
K
L
M
O
P
Q
R
T
U
V
W
X
Y
Z

A B K P S V W Y
C
D
E
F
G
H
I
J
L
N
O
Q
R
U
X

A
B
C
D
E
F
G
I
J
K
M X
N
Q
R
S
U
V
Y
Z

A B E G J L Q R S T U Y
C
D
F
H
K
M
N
O
P
V
W
X
Z

A C F G H K N P T U X
B
D
E
I
J
L
M
O
Q
R
S
V
W
Z

B F H I P S U X Y
C
D
E J
G
K
L
M
N
O
Q
R
T
V
W
Z

A
B D H I L M N O Q S T U V W Y
C
E
F
G
J
K
P
X
Z

A
B E K P
C
D
F
H
I
J
M
N
O
Q
R
S
T
U
V
W
X
Y
Z

A C I K M O P U Y
D
E
F
G
H
J
L
N
Q
R
S
T
W
X
Z

A C D F G H I M N P R S T U W X Z
B
E
J
K
L
O
Q
V
Y

A E I J T U W X
C
F
G
H
K
L
M
N
O
P
R
S
Y
Z

A K
B M Q T
C
D
E
F
G
H
I
J
N
O
P
R
S
V
W
X
Y
Z

A
J
L
T
U

A D E F I K M N O P Q R S T V Y
B
C
G
H
J
L
U
W
X
Z

A
B C E I J M O R S
D
F
G
H
K
L
N
P
Q
T
U
V
X
Y
Z

D
J
K
N
P
Q
U
V
W

A
C
D
E
H
J
K
N
P
S
T
U
V
Y
Z

A
B
C
D H I J K M N O T W X Y
E
F
G
L
P
Q
R
S
U
V
Z

A
B
D
E
F
G
H
I
J
M
N
O
P
Q
S
U
W
X
Y
Z

A E F H I M N Q R Y
B
C
D
G
J
K
L
O
P
S
T
U
V
W
X
Z

A
B
E
G
H
I
M
N
P
R
T
U
V
W
X
Y
Z

A
D
G
H
J
M
N
O
Q
R
T
U
V
W
X
Y

A
B F J M O R U V X Y Z
C
D
E
G
H
I
K
L
N
P
Q
S
T
W

A
B
E
H
J
P U
Q
R
W
Z

A
B C E F G H I J K L M N Q R S U V W X
D
O
P
T
Y
Z

A
E
H U Z
I
J
K
M
N
P
R
S
T
V
W
X
Y

A C F H J K L M N O P Q R T V W X Z
B
D
E
G
I
S
U
Y

A
B
C E F G H I K L M P Q U V X Y
D
J
N
O
R
S
T
W
Z

A B C K L N P Q R T Z
D
E
F
G
I
J
M
O
S
U
V
W
X
Y

A C D E G I J M O V
B
F
H
K
L
N
P
Q
S
T
U
W
X
Y
Z

A B D F K N P T V W Z
C
G
H
I
J
L
M
O
Q
R
S
U
X
Y

A
B C E G H I J K M N S W X
D
F
L
O
P
Q
R
U
V
Y
Z

A C E G I J L R S W X Y
B
F
H
K
M
N
O
P
Q
T
V
Z

A
B D E G H I J L M N O S T X Z
C
F
K
P
Q
R
U
V
W
Y

A N U
B
C
D
E
F
G
H
J
K
L
M
O
Q
S
T
V
W
X
Y

A P
B
C
D
E
G
H R V
I
K
L
M
N
O
T
W
X
Y
Z

A B F G J M Q V X Z
C
D
E
H
I
K
L
N
O
P
R
S
T
U
W
Y

A E H K O P Q W X Y
C
D
G
I
J
L
M
N
R
S
T
U
V
Z

A
B
C
D E G I J T
H
K
L
M
P
Q
R
S
U
V
W
X
Y
Z

A D E F H I L M Q S U W X Y Z
B
C
G
J
K
N
O
P
R
V

A B C D E F I J M O P R T Z
G
H
K
L
N
Q
S
U
V
W
X
Y

A B D G H I M N O P R T U V X Y
E
F
J
K
L
Q
S
W
Z

A
B
C
E
F
H
J
K
L
M
O
P
S
T
U
V
W
Y
Z

A
B C D H K L M R U Y
E
F
G
I
J
N
O
P
Q
S
T
V
W
X
Z

A
B C R S T V W
D
E
F
G J
H
I
K
L
M
N
O
P
Q
U
X
Y

A
B E F G L M Q R S Y
C
D
H
I
J
K
O
P
T
U
V
W
X
Z

A
B
C
D
F
G M W Y
H
I
J
L
N V
P
Q
R
S
T
U
X
Z

A
B
C
D
E
F
H
I
J
L
O
Q
S
T
U
V
X
Y

A
B
C
D
F
G
H X
I
J
K
M
N
O
P
Q
R
U
V
W
Y
Z

A B D F I J K L M N P Q R U Y Z
C
E
G
H
O
S
T
V
W
X

A
B
C D E F G H I K L M O P Q R S V W
J
N
T
U
X
Y
Z

B
C
D
E
F
G
H
I
L
N
O
Q
R
S
T
U
V
X
Y

A B F H K L M O Q T U W X Y Z
C
D
E
G
I
J
N
P
R
S
V

B
C M
D
E
F
G
H
K
L
O
P
Q
S
T
V
W
Y
Z

A C E F N O P Q U V X Y
B
D
G
H
I
J
K
L
M
R
S
T
W
Z

A
B C G J K L N R S T V W X
D
E
F
H
I
M
O
P
Q
U
Y
Z

A
B C D L
E
F
G
H
J
K
M
N
O
P
R
S
U
V
X
Y
Z

A
B
D
E
F M
G
H
I
J
O
P
Q
R
S
V
Y

A C F K L P Q T V Y Z
B
D
E
G
H
I
J
M
N
O
R
S
U
W
X

A
B
C E H N R
D O
F
G
I
J
K
L
M
P
Q
S
T
U
V
W
X
Y
Z

A
B
C U
D E F H M N Q V W X Y
G
I
J
K
L
O
P
R
S
T
Z

A
B
C
D
E
F
G
H P Q S U Z
I
K
L
M
N
R
V
W
X

A
B
C
E
F
I
K
P
R
S
T
V
W
X
Z

A
B
C
D
E
G
H
J
K
L
N
O
P
Q
R
S
U
V
W
X
Y
Z

A
B M R V W Y
C
D
E
F
G
H
I
J
K
L
N
O
P
Q
S
T
U
X
Z

D
O
P
S
T

A
B
C
D
E
F
G
H
I
J
K
L
N
O
P
R
S
U
V
W
X
Y
Z

A
B
C
F
G
H
I J N T V
K
L
M
P
Q
R
S
U
X
Z

A
B
C
D
E
F
G
H
I
J
K
M
N
O
P
R
S
T
U Z
V
X
Y

A
D
E
H
J
L
M
N
O
S
T
U
V
X
Z

A D G H J L U Z
B
C
E
F
I
K
M
N
O
P
Q
R
S
T
V
W
X
Y

A
C F H J M P Q R S W Y Z
D
E
G
I
K
L
N
O
T
U
X

A B C D I J L M N O R S T U V X
E
F
H
K
P
Q
W
Y
Z

C
G
K
L
Q
R
S
Y

B
C
D
I
K
P
Q
T
X
Y

A
B
C
D
E G T
F
I
J
K Q
L
M
N
O
R
S
U
V
W
X
Y
Z

A
B
C
D I L M N P T U V Y
E
F
G
H
K
O
Q
R
S
W
X

A B
C
E
F
G
H
I
K
Q
R
S
T
U
W
X
Y
Z

A G J N P Q U
B
C
D
E
F
H
I
L
M
O
R
S
T
V
W
X
Y
Z

A
B
C
D
H
I
K
L
M
N
P
Q
R Y
S
T
U
V
W
X

A
F
H
I
J
K
M
N
Q
R
S
T
W
X
Y
Z

A
B
D
F
G
H
I
J
K
L
M
N
O
P
Q
R
S
T
U
V
W
X
Z

A
B
C
D
F I J U X
G
K
L
M
N
O
P
Q
R
S
T
V
W
Y
Z

A
B C L M S T U Z
D
E
G
H
I
J
K
N
O
P
Q
R
V
W
X
Y

A D F H J O P T X Y Z
B
C
E
G
I
K
L
N
Q
R
S
V
W

A
B C E K N O Q R S U V
D
F
G
H
I
J
L
M
P
T
W
X
Y
Z

A B C E H L R U V Y
D
F
G
J
K
M
N
O
P
Q
S
T
W
X
Z

A
D
E
F
G
L
M
N
P
Q
R
S
U
X
Z

A
B
C
D
E
F
G
H
I
J O P
K
L
M
N
Q
R
S
T
U
V
W
Y
Z

A C E F G I J K L O P Q S U V W Y Z
B
D
H
M
N
R
T
X

A
B K O Q V Y
C
E
F
G
H
I
J
P
R
S
T
U
W
X

A
C
D
E
F
G
H
I
K
L
M
N
O
P
Q
R
T
V
W
X
Y
Z

A
B C D O R W
E
F
G
H
I
J
K
L
M
N
Q
S
T
U
V
X
Y
Z

A B C E F I K M O P Q R S T U V
D
G
H
J
L
N
W
X
Y
Z

B
K
L
N
U

A
B
C E F G H I K M P Q T U V W X Z
D
J
L
N
O
R
S
Y

A
B
D
E
G
H
I
K
M
N
O
P
Q
S
T
U
V
W
X
Y
Z

A
B
C
D
E
F
G
H
I
J O R
K
L
M
N
Q
S
T
U
V
W
X
Y
Z

A
B
C
D
E I K L M N R T U V W Z
F
G
H
J
O
P
Q
S
X
Y

A
B
G
I
M
U
X
Z

A
B
C
D
E
F
G
H
I
J
K
L
M R V W
N
O
P
Q
S
T
U
X
Y
Z

A E
B
C
F
G
H
I
J
K
L
M
N
O
P
Q
R
S
T
U
V
W
X
Y
Z

A R X Z
B
C
D
E
F
G
H
I
J
K
L
M
N
O
P
Q
S
T
U
V
W

A
B
C
D G I J K L M O S T U Y
E
F
H
N
P
Q
R
V
W
X
Z

D
G
I
L
Y

A B C D E G H L N P Q S T V W Y Z
F
I
J
K
M
O
R
U
X

A
B
D
E
H
I
L
M
N
O
P
Q
R
S
T
U
V
W
X
Y

C
D
F
I
L
N
P
Z

A B M U
C
D
E
F
H
I
J
K
L
O
P
Q
R
S
T
V
W
X
Y
Z

A B D E F I N Q X Y
C
G
H
J
K
L
P
R
S
T
U
V
W
Z

A
B
C D F H K L O P Q R V W Y
E
G
I
J
M
N
S
T
U
X
Z

A
B
C E H I K M R U V
F
G
J
L
N
O
Q
S
T
W
X
Y
Z

A I
B
C L N R Y
D
F
G
H
J
K
M
O
P
Q
S
T
U
W
X
Z

A B E F H J K N R S U X
C
D
G
I
L
M
O
P
Q
T
V
W
Y
Z

A
B F G H I K S T V W Y Z
C
D
E
J
L
M
N
O
P
Q
R
U
X

B C H M P Q S W X Y
D
E
G
I
J
K
L
N
O
R
T
U
V

A E F G H I J K L M N P Q R T U W Y Z
B
C
D
O
S
V
X

A
B
C
D
E
F
G
H
I
K
L
N R T W X
O
S
U
Y
Z

A
D
E
G
H
I
J
L
M
O Q
S
T
U
Y
Z

A B C G K L N O P Q R S U Y
D
E
F
H
I
J
M
T
V
W
X
Z

A
B
C
D
E
F G L N O P Q R S T X Y Z
H
I
J
K
M
U
V
W

A C E F J K M P T U V X Y
B
D
G
H
I
L
N
O
Q
R
S
W
Z

A Q
B
D
E
H
I
J
K
L
M
N
O
P
R
S
T
U
V
W
Y
Z

B E G H I P U X Y
C
D
F
J
K
L
M
N
O
Q
R
S
T
V
W
Z

A H K R S U Y
B
C
D
E
J
L
M
N
O
Q
T
W
X
Z

E
I
M
R
U

A
B
C
D F M O P S U X
E
G
H
I
J
K
L
Q
R
T
V
W
Y
Z

A
B
C D F G H J K M O S W Z
E
I
L
N
P
Q
R
T
U
V
X
Y

A
B C E F H I K L N O P R S U V W X Z
D
G
J
M
Q
T
Y

A B C F H I J K L M N R S T U W Y Z
D
E
G
O
P
Q
V
X

F
H
J P
K
N
Q
Y

A
I
K
M
O
Q
U
W
Y
Z

C
D
F
H
I
K
L
O
R
T
U
V
Y
Z

A
D
E
F
G
I
J
K
L
M
N
P
Q
R
S
U
V
W
X
Y
Z

A
B
C
D
E
F
G H I J L N R S T U Y
K
M
O
P
Q
V
W
X
Z

A
B
D
E
F H K N S
G
I
J
L
M
P
Q
R
T
U
V
W
Y

A
B
F
G
H
L
N
O
P
Q
U
V
W
X
Y

A
B D G I R T Z
C
E
F
J
K
L
M
N
O
P
Q
S
U
V
W
Y

A
B
C M V
D
E
F
G
H
I
J
K
N
P
Q
R
S
T
W
X
Y
Z

A B D F G I K L P R S T V W X Z
C
E
H
J
M
N
O
Q
U
Y

A
B E F I L M O Q R T V X Y
C
D
G
H
J
K
N
P
S
U
W
Z

A D F G H J K L N P R S T V W Y
B
C
E
I
M
O
Q
U
X
Z

A
C
F
G
H
I
J
L
M Y
N
O
P
S
T
U
V
X

A B F H J K P S T U Z
C
D
E
G
I
L
N
O
Q
R
V
W
X
Y

A
B
C
D
E
F
G
H
J
K
L Q R
M
O
P
S
T
V
X
Y
Z

A B C D E F H J K M N P Q S V
G
I
L
O
R
T
U
W
X
Y
Z

A
B
C
D
E
F
G
H
I
J
K
L
M
N
P
Q
R
T
U
V
Y

B
C
E
F
G
H T
I
J
L
N
P
Q
R
S
U
V
X
Y
Z

A
B
D E F G M P Q S U V W Y
H
I
J
K
L
N
O
R
T
X
Z

A
B
D
I
J U
K
L
O
P
Q
V
X

B
E
K
M
O
P
Q
R
S
U

A
C
F
M
N
O
Q
R
S
T
U
W
X
Y
Z

A
C L N
D
E
F
H
I
J R
K
M
O
P
Q
S
T
U
V
X
Y
Z

A
B D G I L M U V X Y Z
C
E
F
H
J
K
N
O
P
Q
R
S
T
W

A B C F S Z
D
E
G
H
I
J
K
L
M
N
O
P
Q
R
T
U
V
W
X
Y

A
B
C
D
E
F I J K M N O Q R Y
G
H
L
P
S
T
U
V
W
X
Z

B
C
E
F
G
H
I
J
K
L
M N O U X
P
Q
S
T
V
W
Y
Z

A
B
C T W
D
E
F
G
H
I
J
K
L
M
N
O
P
Q
R
S
U
V
X
Y
Z

A
B
C
D
E
F
G O S T U X Y
H
I
J
K
M
N
P
Q
R
V
W
Z

A
B X
C
E
F
H
I
J
L
N
P
S
T
U
V
Y

A D E G H I J M N O S U W X Y Z
B
C
F
K
L
P
Q
R
T
V

B
C F M
D H R S X
G
I
J
K
N
O
P
Q
U
V
W
Y
Z

A
B D E H L P Q T V W Z
C
F
G
I
J
K
M
N
O
R
S
U
Y

A
B
C
D
E
F
G
H
I
J
L Q V W Z
M
N
O
P
R
S
T
U
X
Y

A
B
C
D F G H J L R U W
E
I
K
M
N
O
P
Q
S
T
X
Y
Z

A
B
C
D F G K M P T U Y Z
E
H
I
J
L
N
O
Q
R
S
V
W
X

A
B
C
D
E H I P R Z
F
G
J
K
L
M
N
Q S
T
U
V
W
X
Y

A
B
C E G H K M N O P Q T U V W Y Z
D
F
I
J
L
R
S
X

A G I L P Q R T W
B Z
C
D
E
F
H
J
K
M
N
O
S
U
V
X
Y

A
B
C
D
E
F
G
H
I
K
L
M
N
O
P
Q
R
T
V
W
X
Y
Z

A C D F J K N P Q T V Y
B
E
G
H
I
L
M
O
R
S
U
W
X
Z

A
B
C R Y
D
E
F
G
H
I
J
K
M
N
O
P
Q
S
T
U
W
X
Z

A
B C G J K L N O P Q R S T U V X Y
D
E
F
H
I
M
W
Z

A I U X Y
B
C
D
E
F
G
H
J
K
L
M
N
O R
P
Q
S
T
W
Z

A
B
C
D
E
F I K M N O P R S T U W Y Z
G
H
J
L
Q
V
X

A B C D E F G H I J O Q R S U Y
K
L
M
N
P
T
V
W
Z

A B I N O S W Y Z
C
D
E
F
G
H
J
K
L
M
P
Q
R
T
V
X

A
B
C D E F G L O P R Y
H
I
J
K
M
N
Q
S
T
U
V
W
X
Z

A
C
D
E
F
H
K
L
N
O
P
R
S
V
X

D
F N P V Y
G
H
I
J
K
L
O
Q
R
T
W
X
Z

A
C
D
E
F
G
H
I
J
K
L
M
N
O
R
S
T
U
V
W
X
Y
Z

A
B C F K M O P S T W Z
D
E
G
H
I
J
L
N
Q
R
U
V
X
Y

A
B C I K M T W X
D
F
H
J
L
N
O
Q
R
S
U
V
Y
Z

A C F H J L N P R S T U V Y
B
D
E
G
I
K
M
O
Q
W
X
Z

A C D F H I J K L N Q S U V Z
B
E
G
M
O
P
R
W
X
Y

A C D E H I M N R S U V W
B
F
G
J
K
L
O
P
Q
T
X
Y
Z

A G P Q W
B
C
D
E
H
I
J
K
L
M
R
S
T
U
V
X
Z

A
B E L M N O Q S U V W Y
C
D
F
G
H
I
J
K
P
R
T
Z

B
C
E
F
G
H J L P R Y
K
M
O
Q
S
T
V
X
Z

A F
B
C
D
G
H
I
J
K
L
M
N
O
P
Q
S
T
V
W
Y
Z

A
B E H I L M O R S U V X Y Z
C
D
F
G
J
K
N
P
Q
T
W

B
C
D N
E
F
H
I
J
L
P
Q
T
U
W
X
Y

A
B C D F G I J L T U W X Y Z
E
H
K
M
N
O
P
Q
R
S
V

A F G H J L N Q R T V
B
C
D
E
I
K
M
O
P
S
U
W
X
Y
Z

B
C
D
E
F
J
M
O
P
Q
V
W

D
G
H
K
L
M
O
S
U
V
X
Y

A
B
D
E
I
J
K
L
P
Q
R
T
U
V
W
X
Y
Z

A
E H
F
G
J
K
L
N
O
Q
T
U
X
Y
Z

A
B
C
D
F
H
I
J M
K
L
N
O
P
Q
R
U
V
W
X

A
B D E F J K L M O P Q S V W Z
C
G
H
I
N
R
T
U
X
Y

A B C D E F I J M N O R S W
G L
H
P
T
U
V
X
Y
Z

A
E
F R
G
I
J
L
N
P
Q
V
W
X

A
B C F M O P Q T W Y
D
E
G
H
I
J
K
L
N
R
S U
V
X
Z

A
K
L
T
V
X
Y
Z

A C D E H I J L O Q T U V X Z
B
F
G
K
M
N
P
R
S
W
Y

A
B
C
D
E
F
G
I
J L N Q
K
M
O
P
R
S
T
U
V
Y
Z

A C D E H I K L M N Q U V W X
B
F
G
J
O
P
R
S
T
Y
Z

A
B
C
E
F
G
H
I
K
M
O
R
S
T
U
V
W
X
Y
Z

A D G H I J K L N O P R S T U Y Z
B
C
E
F
M
Q
V
W
X

A
B
C
D
E
F
G
H
J
K
L
M
N
O
Q
R
S
T
U
V
W
X
Y

A C D E F L N O P S U W X Y
B
G
H
I
J
K
M
Q
R
T
V
Z

A
B
C
D
E G I J L N O P Q R T U V Y Z
F
H
K
M
S
W
X

A B C D E G H K N O P Q R S T U Y
F
I
J
L
M
V
W
X
Z

B
C
D
E
F
G
I
J T
K
L
N
P Q Z
S
U
V
W
X
Y

A E G H I J L M O Q W X Y Z
B
C
D
F
K
N
P
R
S
T
U
V

